Log file open, 04/14/22 22:50:59
LogWindows: Failed to load 'aqProf.dll' (GetLastError=126)
LogWindows: File 'aqProf.dll' does not exist
LogWindows: Failed to load 'VtuneApi.dll' (GetLastError=126)
LogWindows: File 'VtuneApi.dll' does not exist
LogWindows: Failed to load 'VtuneApi32e.dll' (GetLastError=126)
LogWindows: File 'VtuneApi32e.dll' does not exist
LogConsoleResponse: Display: Failed to find resolution value strings in scalability ini. Falling back to default.
LogConsoleResponse: Display: Failed to find resolution value strings in scalability ini. Falling back to default.
LogInit: Display: Running engine for game: FPSProject
LogPlatformFile: Not using cached read wrapper
LogTaskGraph: Started task graph with 5 named threads and 47 total threads with 3 sets of task threads.
LogStats: Stats thread started at 0.282798
LogICUInternationalization: ICU TimeZone Detection - Raw Offset: +8:00, Platform Override: ''
LogInit: Display: Loading text-based GConfig....
LogPluginManager: Mounting plugin MeshPainting
LogPluginManager: Mounting plugin XGEController
LogPluginManager: Mounting plugin Paper2D
LogPluginManager: Mounting plugin LiveLink
LogPluginManager: Mounting plugin AISupport
LogPluginManager: Mounting plugin LightPropagationVolume
LogPluginManager: Mounting plugin EnvironmentQueryEditor
LogPluginManager: Mounting plugin CameraShakePreviewer
LogPluginManager: Mounting plugin GameplayCameras
LogPluginManager: Mounting plugin AnimationSharing
LogPluginManager: Mounting plugin CLionSourceCodeAccess
LogPluginManager: Mounting plugin CodeLiteSourceCodeAccess
LogPluginManager: Mounting plugin GitSourceControl
LogPluginManager: Mounting plugin NullSourceCodeAccess
LogPluginManager: Mounting plugin KDevelopSourceCodeAccess
LogPluginManager: Mounting plugin OodleData
LogPluginManager: Mounting plugin PerforceSourceControl
LogPluginManager: Mounting plugin PlasticSourceControl
LogPluginManager: Mounting plugin PixWinPlugin
LogPluginManager: Mounting plugin PluginUtils
LogPluginManager: Mounting plugin PropertyAccessNode
LogPluginManager: Mounting plugin OodleNetwork
LogPluginManager: Mounting plugin RiderSourceCodeAccess
LogPluginManager: Mounting plugin AssetManagerEditor
LogPluginManager: Mounting plugin SubversionSourceControl
LogPluginManager: Mounting plugin CryptoKeys
LogPluginManager: Mounting plugin TextureFormatOodle
LogPluginManager: Mounting plugin CurveEditorTools
LogPluginManager: Mounting plugin UObjectPlugin
LogPluginManager: Mounting plugin VisualStudioCodeSourceCodeAccess
LogPluginManager: Mounting plugin XCodeSourceCodeAccess
LogPluginManager: Mounting plugin VisualStudioSourceCodeAccess
LogPluginManager: Mounting plugin DataValidation
LogPluginManager: Mounting plugin DatasmithContent
LogPluginManager: Mounting plugin FacialAnimation
LogPluginManager: Mounting plugin GameplayTagsEditor
LogPluginManager: Mounting plugin AlembicImporter
LogPluginManager: Mounting plugin GeometryMode
LogPluginManager: Mounting plugin MacGraphicsSwitching
LogPluginManager: Mounting plugin MaterialAnalyzer
LogPluginManager: Mounting plugin SpeedTreeImporter
LogPluginManager: Mounting plugin MobileLauncherProfileWizard
LogPluginManager: Mounting plugin PluginBrowser
LogPluginManager: Mounting plugin AutomationUtils
LogPluginManager: Mounting plugin BackChannel
LogPluginManager: Mounting plugin VariantManagerContent
LogPluginManager: Mounting plugin ChaosCloth
LogPluginManager: Mounting plugin ChaosClothEditor
LogPluginManager: Mounting plugin ChaosEditor
LogPluginManager: Mounting plugin ChaosNiagara
LogPluginManager: Mounting plugin ChaosSolverPlugin
LogPluginManager: Mounting plugin CharacterAI
LogPluginManager: Mounting plugin GeometryCache
LogPluginManager: Mounting plugin GeometryCollectionPlugin
LogPluginManager: Mounting plugin GeometryProcessing
LogPluginManager: Mounting plugin MotoSynth
LogPluginManager: Mounting plugin OpenImageDenoise
LogPluginManager: Mounting plugin PlanarCut
LogPluginManager: Mounting plugin PlatformCrypto
LogPluginManager: Mounting plugin ProxyLODPlugin
LogPluginManager: Mounting plugin PythonScriptPlugin
LogPluginManager: Mounting plugin SkeletalReduction
LogPluginManager: Mounting plugin Niagara
LogPluginManager: Mounting plugin LuminPlatformFeatures
LogPluginManager: Mounting plugin MagicLeap
LogPluginManager: Mounting plugin AndroidMedia
LogPluginManager: Mounting plugin MagicLeapLightEstimation
LogPluginManager: Mounting plugin MagicLeapMedia
LogPluginManager: Mounting plugin MagicLeapPassableWorld
LogPluginManager: Mounting plugin MLSDK
LogPluginManager: Mounting plugin AvfMedia
LogPluginManager: Mounting plugin ImgMedia
LogPluginManager: Mounting plugin MediaCompositing
LogPluginManager: Mounting plugin ActorSequence
LogPluginManager: Mounting plugin LevelSequenceEditor
LogPluginManager: Mounting plugin MediaPlayerEditor
LogPluginManager: Mounting plugin WebMMedia
LogPluginManager: Mounting plugin TcpMessaging
LogPluginManager: Mounting plugin WmfMedia
LogPluginManager: Mounting plugin MatineeToLevelSequence
LogPluginManager: Mounting plugin UdpMessaging
LogPluginManager: Mounting plugin TemplateSequence
LogPluginManager: Mounting plugin OnlineSubsystem
LogPluginManager: Mounting plugin LauncherChunkInstaller
LogPluginManager: Mounting plugin OnlineSubsystemNull
LogPluginManager: Mounting plugin ActorLayerUtilities
LogPluginManager: Mounting plugin OnlineSubsystemUtils
LogPluginManager: Mounting plugin AndroidDeviceProfileSelector
LogPluginManager: Mounting plugin AndroidMoviePlayer
LogPluginManager: Mounting plugin AndroidPermission
LogPluginManager: Mounting plugin AppleImageUtils
LogPluginManager: Mounting plugin AppleMoviePlayer
LogPluginManager: Mounting plugin ArchVisCharacter
LogPluginManager: Mounting plugin AssetTags
LogPluginManager: Mounting plugin AudioCapture
LogPluginManager: Mounting plugin AudioSynesthesia
LogPluginManager: Mounting plugin CableComponent
LogPluginManager: Mounting plugin ChunkDownloader
LogPluginManager: Mounting plugin CustomMeshComponent
LogPluginManager: Mounting plugin EditableMesh
LogPluginManager: Mounting plugin ExampleDeviceProfileSelector
LogPluginManager: Mounting plugin GoogleCloudMessaging
LogPluginManager: Mounting plugin GooglePAD
LogPluginManager: Mounting plugin IOSDeviceProfileSelector
LogPluginManager: Mounting plugin LinuxDeviceProfileSelector
LogPluginManager: Mounting plugin LocationServicesBPLibrary
LogPluginManager: Mounting plugin MobilePatchingUtils
LogPluginManager: Mounting plugin OpenXR
LogPluginManager: Mounting plugin OpenXREyeTracker
LogPluginManager: Mounting plugin OpenXRHandTracking
LogPluginManager: Mounting plugin PhysXVehicles
LogPluginManager: Mounting plugin PostSplashScreen
LogPluginManager: Mounting plugin ProceduralMeshComponent
LogPluginManager: Mounting plugin PropertyAccessEditor
LogPluginManager: Mounting plugin RuntimePhysXCooking
LogPluginManager: Mounting plugin SignificanceManager
LogPluginManager: Mounting plugin SoundFields
LogPluginManager: Mounting plugin Synthesis
LogPluginManager: Mounting plugin WebMMoviePlayer
LogPluginManager: Mounting plugin WindowsMoviePlayer
LogPluginManager: Mounting plugin ScreenshotTools
LogPluginManager: Mounting plugin Takes
LogPluginManager: Mounting plugin ContentBrowserAssetDataSource
LogPluginManager: Mounting plugin ContentBrowserClassDataSource
LogPluginManager: Mounting plugin ContentBrowserFileDataSource
LogPluginManager: Mounting plugin OnlineSubsystemIOS
LogPluginManager: Mounting plugin OnlineSubsystemGooglePlay
LogPluginManager: Mounting plugin OculusVR
LogPluginManager: Mounting plugin SteamVR
PixWinPlugin: PIX capture plugin failed to initialize! Check that the process is launched from PIX.
LogInit: Using libcurl 7.55.1-DEV
LogInit:  - built for x86_64-pc-win32
LogInit:  - supports SSL with OpenSSL/1.1.1
LogInit:  - supports HTTP deflate (compression) using libz 1.2.8
LogInit:  - other features:
LogInit:      CURL_VERSION_SSL
LogInit:      CURL_VERSION_LIBZ
LogInit:      CURL_VERSION_IPV6
LogInit:      CURL_VERSION_ASYNCHDNS
LogInit:      CURL_VERSION_LARGEFILE
LogInit:      CURL_VERSION_IDN
LogInit:  CurlRequestOptions (configurable via config and command line):
LogInit:  - bVerifyPeer = true  - Libcurl will verify peer certificate
LogInit:  - bUseHttpProxy = false  - Libcurl will NOT use HTTP proxy
LogInit:  - bDontReuseConnections = false  - Libcurl will reuse connections
LogInit:  - MaxHostConnections = 16  - Libcurl will limit the number of connections to a host
LogInit:  - LocalHostAddr = Default
LogInit:  - BufferSize = 65536
LogOnline: OSS: Creating online subsystem instance for: NULL
LogInit: WinSock: version 1.1 (2.2), MaxSocks=32767, MaxUdp=65467
LogOnline: OSS: TryLoadSubsystemAndSetDefault: Loaded subsystem for module [NULL]
LogOculusPluginWrapper: OculusPlugin initialized successfully
LogHMD: Failed initializing OVRPlugin 1.59.0
LogInit: Build: ++UE4+Release-4.27-CL-18319896
LogInit: Engine Version: 4.27.2-18319896+++UE4+Release-4.27
LogInit: Compatible Engine Version: 4.27.0-17155196+++UE4+Release-4.27
LogInit: Net CL: 17155196
LogInit: OS: Windows 10 (Release 2009) (), CPU: AMD Ryzen 7 5800H with Radeon Graphics         , GPU: NVIDIA GeForce RTX 3060 Laptop GPU
LogInit: Compiled (64-bit): Nov 30 2021 07:12:08
LogInit: Compiled with Visual C++: 19.24.28315.00
LogInit: Build Configuration: Development
LogInit: Branch Name: ++UE4+Release-4.27
LogInit: Command Line:  -skipcompile
LogInit: Base Directory: G:/unreal/unreal/UE_4.27/Engine/Binaries/Win64/
LogInit: Allocator: TBB
LogInit: Installed Engine Build: 1
LogDevObjectVersion: Number of dev versions registered: 29
LogDevObjectVersion:   Dev-Blueprints (B0D832E4-1F89-4F0D-ACCF-7EB736FD4AA2): 10
LogDevObjectVersion:   Dev-Build (E1C64328-A22C-4D53-A36C-8E866417BD8C): 0
LogDevObjectVersion:   Dev-Core (375EC13C-06E4-48FB-B500-84F0262A717E): 4
LogDevObjectVersion:   Dev-Editor (E4B068ED-F494-42E9-A231-DA0B2E46BB41): 40
LogDevObjectVersion:   Dev-Framework (CFFC743F-43B0-4480-9391-14DF171D2073): 37
LogDevObjectVersion:   Dev-Mobile (B02B49B5-BB20-44E9-A304-32B752E40360): 3
LogDevObjectVersion:   Dev-Networking (A4E4105C-59A1-49B5-A7C5-40C4547EDFEE): 0
LogDevObjectVersion:   Dev-Online (39C831C9-5AE6-47DC-9A44-9C173E1C8E7C): 0
LogDevObjectVersion:   Dev-Physics (78F01B33-EBEA-4F98-B9B4-84EACCB95AA2): 14
LogDevObjectVersion:   Dev-Platform (6631380F-2D4D-43E0-8009-CF276956A95A): 0
LogDevObjectVersion:   Dev-Rendering (12F88B9F-8875-4AFC-A67C-D90C383ABD29): 45
LogDevObjectVersion:   Dev-Sequencer (7B5AE74C-D270-4C10-A958-57980B212A5A): 13
LogDevObjectVersion:   Dev-VR (D7296918-1DD6-4BDD-9DE2-64A83CC13884): 3
LogDevObjectVersion:   Dev-LoadTimes (C2A15278-BFE7-4AFE-6C17-90FF531DF755): 1
LogDevObjectVersion:   Private-Geometry (6EACA3D4-40EC-4CC1-B786-8BED09428FC5): 3
LogDevObjectVersion:   Dev-AnimPhys (29E575DD-E0A3-4627-9D10-D276232CDCEA): 17
LogDevObjectVersion:   Dev-Anim (AF43A65D-7FD3-4947-9873-3E8ED9C1BB05): 15
LogDevObjectVersion:   Dev-ReflectionCapture (6B266CEC-1EC7-4B8F-A30B-E4D90942FC07): 1
LogDevObjectVersion:   Dev-Automation (0DF73D61-A23F-47EA-B727-89E90C41499A): 1
LogDevObjectVersion:   FortniteMain (601D1886-AC64-4F84-AA16-D3DE0DEAC7D6): 47
LogDevObjectVersion:   FortniteRelease (E7086368-6B23-4C58-8439-1B7016265E91): 1
LogDevObjectVersion:   Dev-Enterprise (9DFFBCD6-494F-0158-E221-12823C92A888): 10
LogDevObjectVersion:   Dev-Niagara (F2AED0AC-9AFE-416F-8664-AA7FFA26D6FC): 1
LogDevObjectVersion:   Dev-Destruction (174F1F0B-B4C6-45A5-B13F-2EE8D0FB917D): 10
LogDevObjectVersion:   Dev-Physics-Ext (35F94A83-E258-406C-A318-09F59610247C): 41
LogDevObjectVersion:   Dev-PhysicsMaterial-Chaos (B68FC16E-8B1B-42E2-B453-215C058844FE): 1
LogDevObjectVersion:   Dev-CineCamera (B2E18506-4273-CFC2-A54E-F4BB758BBA07): 1
LogDevObjectVersion:   Dev-VirtualProduction (64F58936-FD1B-42BA-BA96-7289D5D0FA4E): 1
LogDevObjectVersion:   Dev-MediaFramework (6F0ED827-A609-4895-9C91-998D90180EA4): 2
LogInit: Presizing for max 25165824 objects, including 0 objects not considered by GC, pre-allocating 0 bytes for permanent pool.
LogConfig: Applying CVar settings from Section [/Script/Engine.StreamingSettings] File [H:/UE4_project_C++/FPSProject/Saved/Config/Windows/Engine.ini]
LogConfig: Setting CVar [[s.MinBulkDataSizeForAsyncLoading:131072]]
LogConfig: Setting CVar [[s.AsyncLoadingThreadEnabled:0]]
LogConfig: Setting CVar [[s.EventDrivenLoaderEnabled:1]]
LogConfig: Setting CVar [[s.WarnIfTimeLimitExceeded:0]]
LogConfig: Setting CVar [[s.TimeLimitExceededMultiplier:1.5]]
LogConfig: Setting CVar [[s.TimeLimitExceededMinTime:0.005]]
LogConfig: Setting CVar [[s.UseBackgroundLevelStreaming:1]]
LogConfig: Setting CVar [[s.PriorityAsyncLoadingExtraTime:15.0]]
LogConfig: Setting CVar [[s.LevelStreamingActorsUpdateTimeLimit:5.0]]
LogConfig: Setting CVar [[s.PriorityLevelStreamingActorsUpdateExtraTime:5.0]]
LogConfig: Setting CVar [[s.LevelStreamingComponentsRegistrationGranularity:10]]
LogConfig: Setting CVar [[s.UnregisterComponentsTimeLimit:1.0]]
LogConfig: Setting CVar [[s.LevelStreamingComponentsUnregistrationGranularity:5]]
LogConfig: Setting CVar [[s.FlushStreamingOnExit:1]]
LogInit: Object subsystem initialized
LogConfig: Setting CVar [[con.DebugEarlyDefault:1]]
LogConfig: Setting CVar [[r.setres:1280x720]]
[2022.04.14-14.51.00:406][  0]LogConfig: Setting CVar [[r.VSync:0]]
[2022.04.14-14.51.00:406][  0]LogConfig: Setting CVar [[r.RHICmdBypass:0]]
[2022.04.14-14.51.00:406][  0]LogConfig: Applying CVar settings from Section [/Script/Engine.RendererSettings] File [H:/UE4_project_C++/FPSProject/Saved/Config/Windows/Engine.ini]
[2022.04.14-14.51.00:406][  0]LogConfig: Setting CVar [[r.GPUCrashDebugging:0]]
[2022.04.14-14.51.00:407][  0]LogConfig: Applying CVar settings from Section [/Script/Engine.RendererOverrideSettings] File [H:/UE4_project_C++/FPSProject/Saved/Config/Windows/Engine.ini]
[2022.04.14-14.51.00:407][  0]LogConfig: Applying CVar settings from Section [/Script/Engine.StreamingSettings] File [H:/UE4_project_C++/FPSProject/Saved/Config/Windows/Engine.ini]
[2022.04.14-14.51.00:407][  0]LogConfig: Setting CVar [[s.MinBulkDataSizeForAsyncLoading:131072]]
[2022.04.14-14.51.00:407][  0]LogConfig: Setting CVar [[s.AsyncLoadingThreadEnabled:0]]
[2022.04.14-14.51.00:407][  0]LogConfig: Setting CVar [[s.EventDrivenLoaderEnabled:1]]
[2022.04.14-14.51.00:407][  0]LogConfig: Setting CVar [[s.WarnIfTimeLimitExceeded:0]]
[2022.04.14-14.51.00:407][  0]LogConfig: Setting CVar [[s.TimeLimitExceededMultiplier:1.5]]
[2022.04.14-14.51.00:407][  0]LogConfig: Setting CVar [[s.TimeLimitExceededMinTime:0.005]]
[2022.04.14-14.51.00:407][  0]LogConfig: Setting CVar [[s.UseBackgroundLevelStreaming:1]]
[2022.04.14-14.51.00:407][  0]LogConfig: Setting CVar [[s.PriorityAsyncLoadingExtraTime:15.0]]
[2022.04.14-14.51.00:407][  0]LogConfig: Setting CVar [[s.LevelStreamingActorsUpdateTimeLimit:5.0]]
[2022.04.14-14.51.00:407][  0]LogConfig: Setting CVar [[s.PriorityLevelStreamingActorsUpdateExtraTime:5.0]]
[2022.04.14-14.51.00:407][  0]LogConfig: Setting CVar [[s.LevelStreamingComponentsRegistrationGranularity:10]]
[2022.04.14-14.51.00:407][  0]LogConfig: Setting CVar [[s.UnregisterComponentsTimeLimit:1.0]]
[2022.04.14-14.51.00:407][  0]LogConfig: Setting CVar [[s.LevelStreamingComponentsUnregistrationGranularity:5]]
[2022.04.14-14.51.00:407][  0]LogConfig: Setting CVar [[s.FlushStreamingOnExit:1]]
[2022.04.14-14.51.00:407][  0]LogConfig: Applying CVar settings from Section [/Script/Engine.GarbageCollectionSettings] File [H:/UE4_project_C++/FPSProject/Saved/Config/Windows/Engine.ini]
[2022.04.14-14.51.00:407][  0]LogConfig: Setting CVar [[gc.MaxObjectsNotConsideredByGC:1]]
[2022.04.14-14.51.00:408][  0]LogConfig: Setting CVar [[gc.SizeOfPermanentObjectPool:0]]
[2022.04.14-14.51.00:408][  0]LogConfig: Setting CVar [[gc.FlushStreamingOnGC:0]]
[2022.04.14-14.51.00:408][  0]LogConfig: Setting CVar [[gc.NumRetriesBeforeForcingGC:10]]
[2022.04.14-14.51.00:408][  0]LogConfig: Setting CVar [[gc.AllowParallelGC:1]]
[2022.04.14-14.51.00:408][  0]LogConfig: Setting CVar [[gc.TimeBetweenPurgingPendingKillObjects:61.1]]
[2022.04.14-14.51.00:408][  0]LogConfig: Setting CVar [[gc.MaxObjectsInEditor:25165824]]
[2022.04.14-14.51.00:408][  0]LogConfig: Setting CVar [[gc.IncrementalBeginDestroyEnabled:1]]
[2022.04.14-14.51.00:408][  0]LogConfig: Setting CVar [[gc.CreateGCClusters:1]]
[2022.04.14-14.51.00:408][  0]LogConfig: Setting CVar [[gc.MinGCClusterSize:5]]
[2022.04.14-14.51.00:408][  0]LogConfig: Setting CVar [[gc.ActorClusteringEnabled:0]]
[2022.04.14-14.51.00:408][  0]LogConfig: Setting CVar [[gc.BlueprintClusteringEnabled:0]]
[2022.04.14-14.51.00:408][  0]LogConfig: Setting CVar [[gc.UseDisregardForGCOnDedicatedServers:0]]
[2022.04.14-14.51.00:408][  0]LogConfig: Setting CVar [[gc.MultithreadedDestructionEnabled:1]]
[2022.04.14-14.51.00:408][  0]LogConfig: Applying CVar settings from Section [/Script/Engine.NetworkSettings] File [H:/UE4_project_C++/FPSProject/Saved/Config/Windows/Engine.ini]
[2022.04.14-14.51.00:408][  0]LogConfig: Applying CVar settings from Section [/Script/UnrealEd.CookerSettings] File [H:/UE4_project_C++/FPSProject/Saved/Config/Windows/Engine.ini]
[2022.04.14-14.51.00:436][  0]LogConfig: Applying CVar settings from Section [ViewDistanceQuality@3] File [H:/UE4_project_C++/FPSProject/Saved/Config/Windows/Scalability.ini]
[2022.04.14-14.51.00:436][  0]LogConfig: Setting CVar [[r.SkeletalMeshLODBias:0]]
[2022.04.14-14.51.00:436][  0]LogConfig: Setting CVar [[r.ViewDistanceScale:1.0]]
[2022.04.14-14.51.00:436][  0]LogConfig: Applying CVar settings from Section [AntiAliasingQuality@3] File [H:/UE4_project_C++/FPSProject/Saved/Config/Windows/Scalability.ini]
[2022.04.14-14.51.00:436][  0]LogConfig: Setting CVar [[r.PostProcessAAQuality:4]]
[2022.04.14-14.51.00:436][  0]LogConfig: Applying CVar settings from Section [ShadowQuality@3] File [H:/UE4_project_C++/FPSProject/Saved/Config/Windows/Scalability.ini]
[2022.04.14-14.51.00:436][  0]LogConfig: Setting CVar [[r.LightFunctionQuality:1]]
[2022.04.14-14.51.00:436][  0]LogConfig: Setting CVar [[r.ShadowQuality:5]]
[2022.04.14-14.51.00:436][  0]LogConfig: Setting CVar [[r.Shadow.CSM.MaxCascades:10]]
[2022.04.14-14.51.00:436][  0]LogConfig: Setting CVar [[r.Shadow.MaxResolution:2048]]
[2022.04.14-14.51.00:436][  0]LogConfig: Setting CVar [[r.Shadow.MaxCSMResolution:2048]]
[2022.04.14-14.51.00:436][  0]LogConfig: Setting CVar [[r.Shadow.RadiusThreshold:0.01]]
[2022.04.14-14.51.00:436][  0]LogConfig: Setting CVar [[r.Shadow.DistanceScale:1.0]]
[2022.04.14-14.51.00:437][  0]LogConfig: Setting CVar [[r.Shadow.CSM.TransitionScale:1.0]]
[2022.04.14-14.51.00:437][  0]LogConfig: Setting CVar [[r.Shadow.PreShadowResolutionFactor:1.0]]
[2022.04.14-14.51.00:437][  0]LogConfig: Setting CVar [[r.DistanceFieldShadowing:1]]
[2022.04.14-14.51.00:437][  0]LogConfig: Setting CVar [[r.DistanceFieldAO:1]]
[2022.04.14-14.51.00:437][  0]LogConfig: Setting CVar [[r.AOQuality:2]]
[2022.04.14-14.51.00:437][  0]LogConfig: Setting CVar [[r.VolumetricFog:1]]
[2022.04.14-14.51.00:437][  0]LogConfig: Setting CVar [[r.VolumetricFog.GridPixelSize:8]]
[2022.04.14-14.51.00:437][  0]LogConfig: Setting CVar [[r.VolumetricFog.GridSizeZ:128]]
[2022.04.14-14.51.00:437][  0]LogConfig: Setting CVar [[r.VolumetricFog.HistoryMissSupersampleCount:4]]
[2022.04.14-14.51.00:437][  0]LogConfig: Setting CVar [[r.LightMaxDrawDistanceScale:1]]
[2022.04.14-14.51.00:437][  0]LogConfig: Setting CVar [[r.CapsuleShadows:1]]
[2022.04.14-14.51.00:437][  0]LogConfig: Applying CVar settings from Section [PostProcessQuality@3] File [H:/UE4_project_C++/FPSProject/Saved/Config/Windows/Scalability.ini]
[2022.04.14-14.51.00:437][  0]LogConfig: Setting CVar [[r.MotionBlurQuality:4]]
[2022.04.14-14.51.00:437][  0]LogConfig: Setting CVar [[r.AmbientOcclusionMipLevelFactor:0.4]]
[2022.04.14-14.51.00:437][  0]LogConfig: Setting CVar [[r.AmbientOcclusionMaxQuality:100]]
[2022.04.14-14.51.00:437][  0]LogConfig: Setting CVar [[r.AmbientOcclusionLevels:-1]]
[2022.04.14-14.51.00:437][  0]LogConfig: Setting CVar [[r.AmbientOcclusionRadiusScale:1.0]]
[2022.04.14-14.51.00:437][  0]LogConfig: Setting CVar [[r.DepthOfFieldQuality:2]]
[2022.04.14-14.51.00:437][  0]LogConfig: Setting CVar [[r.RenderTargetPoolMin:400]]
[2022.04.14-14.51.00:437][  0]LogConfig: Setting CVar [[r.LensFlareQuality:2]]
[2022.04.14-14.51.00:437][  0]LogConfig: Setting CVar [[r.SceneColorFringeQuality:1]]
[2022.04.14-14.51.00:438][  0]LogConfig: Setting CVar [[r.EyeAdaptationQuality:2]]
[2022.04.14-14.51.00:438][  0]LogConfig: Setting CVar [[r.BloomQuality:5]]
[2022.04.14-14.51.00:438][  0]LogConfig: Setting CVar [[r.FastBlurThreshold:100]]
[2022.04.14-14.51.00:438][  0]LogConfig: Setting CVar [[r.Upscale.Quality:3]]
[2022.04.14-14.51.00:438][  0]LogConfig: Setting CVar [[r.Tonemapper.GrainQuantization:1]]
[2022.04.14-14.51.00:438][  0]LogConfig: Setting CVar [[r.LightShaftQuality:1]]
[2022.04.14-14.51.00:438][  0]LogConfig: Setting CVar [[r.Filter.SizeScale:1]]
[2022.04.14-14.51.00:438][  0]LogConfig: Setting CVar [[r.Tonemapper.Quality:5]]
[2022.04.14-14.51.00:438][  0]LogConfig: Setting CVar [[r.DOF.Gather.AccumulatorQuality:1        ; higher gathering accumulator quality]]
[2022.04.14-14.51.00:438][  0]LogConfig: Setting CVar [[r.DOF.Gather.PostfilterMethod:1          ; Median3x3 postfilering method]]
[2022.04.14-14.51.00:438][  0]LogConfig: Setting CVar [[r.DOF.Gather.EnableBokehSettings:0       ; no bokeh simulation when gathering]]
[2022.04.14-14.51.00:438][  0]LogConfig: Setting CVar [[r.DOF.Gather.RingCount:4                 ; medium number of samples when gathering]]
[2022.04.14-14.51.00:438][  0]LogConfig: Setting CVar [[r.DOF.Scatter.ForegroundCompositing:1    ; additive foreground scattering]]
[2022.04.14-14.51.00:438][  0]LogConfig: Setting CVar [[r.DOF.Scatter.BackgroundCompositing:2    ; additive background scattering]]
[2022.04.14-14.51.00:438][  0]LogConfig: Setting CVar [[r.DOF.Scatter.EnableBokehSettings:1      ; bokeh simulation when scattering]]
[2022.04.14-14.51.00:438][  0]LogConfig: Setting CVar [[r.DOF.Scatter.MaxSpriteRatio:0.1         ; only a maximum of 10% of scattered bokeh]]
[2022.04.14-14.51.00:438][  0]LogConfig: Setting CVar [[r.DOF.Recombine.Quality:1                ; cheap slight out of focus]]
[2022.04.14-14.51.00:438][  0]LogConfig: Setting CVar [[r.DOF.Recombine.EnableBokehSettings:0    ; no bokeh simulation on slight out of focus]]
[2022.04.14-14.51.00:438][  0]LogConfig: Setting CVar [[r.DOF.TemporalAAQuality:1                ; more stable temporal accumulation]]
[2022.04.14-14.51.00:438][  0]LogConfig: Setting CVar [[r.DOF.Kernel.MaxForegroundRadius:0.025]]
[2022.04.14-14.51.00:438][  0]LogConfig: Setting CVar [[r.DOF.Kernel.MaxBackgroundRadius:0.025]]
[2022.04.14-14.51.00:438][  0]LogConfig: Applying CVar settings from Section [TextureQuality@3] File [H:/UE4_project_C++/FPSProject/Saved/Config/Windows/Scalability.ini]
[2022.04.14-14.51.00:438][  0]LogConfig: Setting CVar [[r.Streaming.MipBias:0]]
[2022.04.14-14.51.00:439][  0]LogConfig: Setting CVar [[r.Streaming.AmortizeCPUToGPUCopy:0]]
[2022.04.14-14.51.00:439][  0]LogConfig: Setting CVar [[r.Streaming.MaxNumTexturesToStreamPerFrame:0]]
[2022.04.14-14.51.00:439][  0]LogConfig: Setting CVar [[r.Streaming.Boost:1]]
[2022.04.14-14.51.00:439][  0]LogConfig: Setting CVar [[r.MaxAnisotropy:8]]
[2022.04.14-14.51.00:439][  0]LogConfig: Setting CVar [[r.VT.MaxAnisotropy:8]]
[2022.04.14-14.51.00:439][  0]LogConfig: Setting CVar [[r.Streaming.LimitPoolSizeToVRAM:0]]
[2022.04.14-14.51.00:439][  0]LogConfig: Setting CVar [[r.Streaming.PoolSize:1000]]
[2022.04.14-14.51.00:439][  0]LogConfig: Setting CVar [[r.Streaming.MaxEffectiveScreenSize:0]]
[2022.04.14-14.51.00:439][  0]LogConfig: Applying CVar settings from Section [EffectsQuality@3] File [H:/UE4_project_C++/FPSProject/Saved/Config/Windows/Scalability.ini]
[2022.04.14-14.51.00:439][  0]LogConfig: Setting CVar [[r.TranslucencyLightingVolumeDim:64]]
[2022.04.14-14.51.00:439][  0]LogConfig: Setting CVar [[r.RefractionQuality:2]]
[2022.04.14-14.51.00:439][  0]LogConfig: Setting CVar [[r.SSR.Quality:3]]
[2022.04.14-14.51.00:439][  0]LogConfig: Setting CVar [[r.SSR.HalfResSceneColor:0]]
[2022.04.14-14.51.00:439][  0]LogConfig: Setting CVar [[r.SceneColorFormat:4]]
[2022.04.14-14.51.00:439][  0]LogConfig: Setting CVar [[r.DetailMode:2]]
[2022.04.14-14.51.00:439][  0]LogConfig: Setting CVar [[r.TranslucencyVolumeBlur:1]]
[2022.04.14-14.51.00:439][  0]LogConfig: Setting CVar [[r.MaterialQualityLevel:1 ; High quality]]
[2022.04.14-14.51.00:439][  0]LogConfig: Setting CVar [[r.AnisotropicMaterials:1]]
[2022.04.14-14.51.00:439][  0]LogConfig: Setting CVar [[r.SSS.Scale:1]]
[2022.04.14-14.51.00:439][  0]LogConfig: Setting CVar [[r.SSS.SampleSet:2]]
[2022.04.14-14.51.00:439][  0]LogConfig: Setting CVar [[r.SSS.Quality:1]]
[2022.04.14-14.51.00:440][  0]LogConfig: Setting CVar [[r.SSS.HalfRes:0]]
[2022.04.14-14.51.00:440][  0]LogConfig: Setting CVar [[r.SSGI.Quality:3]]
[2022.04.14-14.51.00:440][  0]LogConfig: Setting CVar [[r.EmitterSpawnRateScale:1.0]]
[2022.04.14-14.51.00:440][  0]LogConfig: Setting CVar [[r.ParticleLightQuality:2]]
[2022.04.14-14.51.00:440][  0]LogConfig: Setting CVar [[r.SkyAtmosphere.AerialPerspectiveLUT.FastApplyOnOpaque:1 ; Always have FastSkyLUT 1 in this case to avoid wrong sky]]
[2022.04.14-14.51.00:440][  0]LogConfig: Setting CVar [[r.SkyAtmosphere.AerialPerspectiveLUT.SampleCountMaxPerSlice:4]]
[2022.04.14-14.51.00:440][  0]LogConfig: Setting CVar [[r.SkyAtmosphere.AerialPerspectiveLUT.DepthResolution:16.0]]
[2022.04.14-14.51.00:440][  0]LogConfig: Setting CVar [[r.SkyAtmosphere.FastSkyLUT:1]]
[2022.04.14-14.51.00:440][  0]LogConfig: Setting CVar [[r.SkyAtmosphere.FastSkyLUT.SampleCountMin:4.0]]
[2022.04.14-14.51.00:440][  0]LogConfig: Setting CVar [[r.SkyAtmosphere.FastSkyLUT.SampleCountMax:128.0]]
[2022.04.14-14.51.00:440][  0]LogConfig: Setting CVar [[r.SkyAtmosphere.SampleCountMin:4.0]]
[2022.04.14-14.51.00:440][  0]LogConfig: Setting CVar [[r.SkyAtmosphere.SampleCountMax:128.0]]
[2022.04.14-14.51.00:440][  0]LogConfig: Setting CVar [[r.SkyAtmosphere.TransmittanceLUT.UseSmallFormat:0]]
[2022.04.14-14.51.00:440][  0]LogConfig: Setting CVar [[r.SkyAtmosphere.TransmittanceLUT.SampleCount:10.0]]
[2022.04.14-14.51.00:440][  0]LogConfig: Setting CVar [[r.SkyAtmosphere.MultiScatteringLUT.SampleCount:15.0]]
[2022.04.14-14.51.00:440][  0]LogConfig: Setting CVar [[r.SkyLight.RealTimeReflectionCapture:1]]
[2022.04.14-14.51.00:440][  0]LogConfig: Applying CVar settings from Section [FoliageQuality@3] File [H:/UE4_project_C++/FPSProject/Saved/Config/Windows/Scalability.ini]
[2022.04.14-14.51.00:440][  0]LogConfig: Setting CVar [[foliage.DensityScale:1.0]]
[2022.04.14-14.51.00:440][  0]LogConfig: Setting CVar [[grass.DensityScale:1.0]]
[2022.04.14-14.51.00:440][  0]LogConfig: Applying CVar settings from Section [ShadingQuality@3] File [H:/UE4_project_C++/FPSProject/Saved/Config/Windows/Scalability.ini]
[2022.04.14-14.51.00:440][  0]LogConfig: Setting CVar [[r.HairStrands.SkyLighting.IntegrationType:2]]
[2022.04.14-14.51.00:441][  0]LogConfig: Setting CVar [[r.HairStrands.SkyAO.SampleCount:4]]
[2022.04.14-14.51.00:441][  0]LogConfig: Setting CVar [[r.HairStrands.Visibility.MSAA.SamplePerPixel:4]]
[2022.04.14-14.51.00:441][  0]LogInit: Selected Device Profile: [Windows]
[2022.04.14-14.51.00:441][  0]LogInit: Applying CVar settings loaded from the selected device profile: [Windows]
[2022.04.14-14.51.00:441][  0]LogHAL: Display: Platform has ~ 16 GB [17041780736 / 17179869184 / 16], which maps to Larger [LargestMinGB=32, LargerMinGB=12, DefaultMinGB=8, SmallerMinGB=6, SmallestMinGB=0)
[2022.04.14-14.51.00:441][  0]LogInit: Going up to parent DeviceProfile []
[2022.04.14-14.51.00:441][  0]LogConfig: Applying CVar settings from Section [ViewDistanceQuality@3] File [H:/UE4_project_C++/FPSProject/Saved/Config/Windows/Scalability.ini]
[2022.04.14-14.51.00:441][  0]LogConfig: Setting CVar [[r.SkeletalMeshLODBias:0]]
[2022.04.14-14.51.00:441][  0]LogConfig: Setting CVar [[r.ViewDistanceScale:1.0]]
[2022.04.14-14.51.00:441][  0]LogConfig: Applying CVar settings from Section [AntiAliasingQuality@3] File [H:/UE4_project_C++/FPSProject/Saved/Config/Windows/Scalability.ini]
[2022.04.14-14.51.00:441][  0]LogConfig: Setting CVar [[r.PostProcessAAQuality:4]]
[2022.04.14-14.51.00:441][  0]LogConfig: Applying CVar settings from Section [ShadowQuality@3] File [H:/UE4_project_C++/FPSProject/Saved/Config/Windows/Scalability.ini]
[2022.04.14-14.51.00:441][  0]LogConfig: Setting CVar [[r.LightFunctionQuality:1]]
[2022.04.14-14.51.00:441][  0]LogConfig: Setting CVar [[r.ShadowQuality:5]]
[2022.04.14-14.51.00:441][  0]LogConfig: Setting CVar [[r.Shadow.CSM.MaxCascades:10]]
[2022.04.14-14.51.00:441][  0]LogConfig: Setting CVar [[r.Shadow.MaxResolution:2048]]
[2022.04.14-14.51.00:441][  0]LogConfig: Setting CVar [[r.Shadow.MaxCSMResolution:2048]]
[2022.04.14-14.51.00:441][  0]LogConfig: Setting CVar [[r.Shadow.RadiusThreshold:0.01]]
[2022.04.14-14.51.00:441][  0]LogConfig: Setting CVar [[r.Shadow.DistanceScale:1.0]]
[2022.04.14-14.51.00:442][  0]LogConfig: Setting CVar [[r.Shadow.CSM.TransitionScale:1.0]]
[2022.04.14-14.51.00:442][  0]LogConfig: Setting CVar [[r.Shadow.PreShadowResolutionFactor:1.0]]
[2022.04.14-14.51.00:442][  0]LogConfig: Setting CVar [[r.DistanceFieldShadowing:1]]
[2022.04.14-14.51.00:442][  0]LogConfig: Setting CVar [[r.DistanceFieldAO:1]]
[2022.04.14-14.51.00:442][  0]LogConfig: Setting CVar [[r.AOQuality:2]]
[2022.04.14-14.51.00:442][  0]LogConfig: Setting CVar [[r.VolumetricFog:1]]
[2022.04.14-14.51.00:442][  0]LogConfig: Setting CVar [[r.VolumetricFog.GridPixelSize:8]]
[2022.04.14-14.51.00:442][  0]LogConfig: Setting CVar [[r.VolumetricFog.GridSizeZ:128]]
[2022.04.14-14.51.00:442][  0]LogConfig: Setting CVar [[r.VolumetricFog.HistoryMissSupersampleCount:4]]
[2022.04.14-14.51.00:442][  0]LogConfig: Setting CVar [[r.LightMaxDrawDistanceScale:1]]
[2022.04.14-14.51.00:442][  0]LogConfig: Setting CVar [[r.CapsuleShadows:1]]
[2022.04.14-14.51.00:442][  0]LogConfig: Applying CVar settings from Section [PostProcessQuality@3] File [H:/UE4_project_C++/FPSProject/Saved/Config/Windows/Scalability.ini]
[2022.04.14-14.51.00:442][  0]LogConfig: Setting CVar [[r.MotionBlurQuality:4]]
[2022.04.14-14.51.00:442][  0]LogConfig: Setting CVar [[r.AmbientOcclusionMipLevelFactor:0.4]]
[2022.04.14-14.51.00:442][  0]LogConfig: Setting CVar [[r.AmbientOcclusionMaxQuality:100]]
[2022.04.14-14.51.00:442][  0]LogConfig: Setting CVar [[r.AmbientOcclusionLevels:-1]]
[2022.04.14-14.51.00:442][  0]LogConfig: Setting CVar [[r.AmbientOcclusionRadiusScale:1.0]]
[2022.04.14-14.51.00:442][  0]LogConfig: Setting CVar [[r.DepthOfFieldQuality:2]]
[2022.04.14-14.51.00:442][  0]LogConfig: Setting CVar [[r.RenderTargetPoolMin:400]]
[2022.04.14-14.51.00:442][  0]LogConfig: Setting CVar [[r.LensFlareQuality:2]]
[2022.04.14-14.51.00:442][  0]LogConfig: Setting CVar [[r.SceneColorFringeQuality:1]]
[2022.04.14-14.51.00:443][  0]LogConfig: Setting CVar [[r.EyeAdaptationQuality:2]]
[2022.04.14-14.51.00:443][  0]LogConfig: Setting CVar [[r.BloomQuality:5]]
[2022.04.14-14.51.00:443][  0]LogConfig: Setting CVar [[r.FastBlurThreshold:100]]
[2022.04.14-14.51.00:443][  0]LogConfig: Setting CVar [[r.Upscale.Quality:3]]
[2022.04.14-14.51.00:443][  0]LogConfig: Setting CVar [[r.Tonemapper.GrainQuantization:1]]
[2022.04.14-14.51.00:443][  0]LogConfig: Setting CVar [[r.LightShaftQuality:1]]
[2022.04.14-14.51.00:443][  0]LogConfig: Setting CVar [[r.Filter.SizeScale:1]]
[2022.04.14-14.51.00:443][  0]LogConfig: Setting CVar [[r.Tonemapper.Quality:5]]
[2022.04.14-14.51.00:443][  0]LogConfig: Setting CVar [[r.DOF.Gather.AccumulatorQuality:1        ; higher gathering accumulator quality]]
[2022.04.14-14.51.00:443][  0]LogConfig: Setting CVar [[r.DOF.Gather.PostfilterMethod:1          ; Median3x3 postfilering method]]
[2022.04.14-14.51.00:443][  0]LogConfig: Setting CVar [[r.DOF.Gather.EnableBokehSettings:0       ; no bokeh simulation when gathering]]
[2022.04.14-14.51.00:443][  0]LogConfig: Setting CVar [[r.DOF.Gather.RingCount:4                 ; medium number of samples when gathering]]
[2022.04.14-14.51.00:443][  0]LogConfig: Setting CVar [[r.DOF.Scatter.ForegroundCompositing:1    ; additive foreground scattering]]
[2022.04.14-14.51.00:443][  0]LogConfig: Setting CVar [[r.DOF.Scatter.BackgroundCompositing:2    ; additive background scattering]]
[2022.04.14-14.51.00:443][  0]LogConfig: Setting CVar [[r.DOF.Scatter.EnableBokehSettings:1      ; bokeh simulation when scattering]]
[2022.04.14-14.51.00:443][  0]LogConfig: Setting CVar [[r.DOF.Scatter.MaxSpriteRatio:0.1         ; only a maximum of 10% of scattered bokeh]]
[2022.04.14-14.51.00:443][  0]LogConfig: Setting CVar [[r.DOF.Recombine.Quality:1                ; cheap slight out of focus]]
[2022.04.14-14.51.00:443][  0]LogConfig: Setting CVar [[r.DOF.Recombine.EnableBokehSettings:0    ; no bokeh simulation on slight out of focus]]
[2022.04.14-14.51.00:443][  0]LogConfig: Setting CVar [[r.DOF.TemporalAAQuality:1                ; more stable temporal accumulation]]
[2022.04.14-14.51.00:443][  0]LogConfig: Setting CVar [[r.DOF.Kernel.MaxForegroundRadius:0.025]]
[2022.04.14-14.51.00:443][  0]LogConfig: Setting CVar [[r.DOF.Kernel.MaxBackgroundRadius:0.025]]
[2022.04.14-14.51.00:443][  0]LogConfig: Applying CVar settings from Section [TextureQuality@3] File [H:/UE4_project_C++/FPSProject/Saved/Config/Windows/Scalability.ini]
[2022.04.14-14.51.00:443][  0]LogConfig: Setting CVar [[r.Streaming.MipBias:0]]
[2022.04.14-14.51.00:444][  0]LogConfig: Setting CVar [[r.Streaming.AmortizeCPUToGPUCopy:0]]
[2022.04.14-14.51.00:444][  0]LogConfig: Setting CVar [[r.Streaming.MaxNumTexturesToStreamPerFrame:0]]
[2022.04.14-14.51.00:444][  0]LogConfig: Setting CVar [[r.Streaming.Boost:1]]
[2022.04.14-14.51.00:444][  0]LogConfig: Setting CVar [[r.MaxAnisotropy:8]]
[2022.04.14-14.51.00:444][  0]LogConfig: Setting CVar [[r.VT.MaxAnisotropy:8]]
[2022.04.14-14.51.00:444][  0]LogConfig: Setting CVar [[r.Streaming.LimitPoolSizeToVRAM:0]]
[2022.04.14-14.51.00:444][  0]LogConfig: Setting CVar [[r.Streaming.PoolSize:1000]]
[2022.04.14-14.51.00:444][  0]LogConfig: Setting CVar [[r.Streaming.MaxEffectiveScreenSize:0]]
[2022.04.14-14.51.00:444][  0]LogConfig: Applying CVar settings from Section [EffectsQuality@3] File [H:/UE4_project_C++/FPSProject/Saved/Config/Windows/Scalability.ini]
[2022.04.14-14.51.00:444][  0]LogConfig: Setting CVar [[r.TranslucencyLightingVolumeDim:64]]
[2022.04.14-14.51.00:444][  0]LogConfig: Setting CVar [[r.RefractionQuality:2]]
[2022.04.14-14.51.00:444][  0]LogConfig: Setting CVar [[r.SSR.Quality:3]]
[2022.04.14-14.51.00:444][  0]LogConfig: Setting CVar [[r.SSR.HalfResSceneColor:0]]
[2022.04.14-14.51.00:444][  0]LogConfig: Setting CVar [[r.SceneColorFormat:4]]
[2022.04.14-14.51.00:444][  0]LogConfig: Setting CVar [[r.DetailMode:2]]
[2022.04.14-14.51.00:444][  0]LogConfig: Setting CVar [[r.TranslucencyVolumeBlur:1]]
[2022.04.14-14.51.00:444][  0]LogConfig: Setting CVar [[r.MaterialQualityLevel:1 ; High quality]]
[2022.04.14-14.51.00:444][  0]LogConfig: Setting CVar [[r.AnisotropicMaterials:1]]
[2022.04.14-14.51.00:445][  0]LogConfig: Setting CVar [[r.SSS.Scale:1]]
[2022.04.14-14.51.00:445][  0]LogConfig: Setting CVar [[r.SSS.SampleSet:2]]
[2022.04.14-14.51.00:445][  0]LogConfig: Setting CVar [[r.SSS.Quality:1]]
[2022.04.14-14.51.00:445][  0]LogConfig: Setting CVar [[r.SSS.HalfRes:0]]
[2022.04.14-14.51.00:445][  0]LogConfig: Setting CVar [[r.SSGI.Quality:3]]
[2022.04.14-14.51.00:445][  0]LogConfig: Setting CVar [[r.EmitterSpawnRateScale:1.0]]
[2022.04.14-14.51.00:445][  0]LogConfig: Setting CVar [[r.ParticleLightQuality:2]]
[2022.04.14-14.51.00:445][  0]LogConfig: Setting CVar [[r.SkyAtmosphere.AerialPerspectiveLUT.FastApplyOnOpaque:1 ; Always have FastSkyLUT 1 in this case to avoid wrong sky]]
[2022.04.14-14.51.00:445][  0]LogConfig: Setting CVar [[r.SkyAtmosphere.AerialPerspectiveLUT.SampleCountMaxPerSlice:4]]
[2022.04.14-14.51.00:445][  0]LogConfig: Setting CVar [[r.SkyAtmosphere.AerialPerspectiveLUT.DepthResolution:16.0]]
[2022.04.14-14.51.00:445][  0]LogConfig: Setting CVar [[r.SkyAtmosphere.FastSkyLUT:1]]
[2022.04.14-14.51.00:445][  0]LogConfig: Setting CVar [[r.SkyAtmosphere.FastSkyLUT.SampleCountMin:4.0]]
[2022.04.14-14.51.00:445][  0]LogConfig: Setting CVar [[r.SkyAtmosphere.FastSkyLUT.SampleCountMax:128.0]]
[2022.04.14-14.51.00:445][  0]LogConfig: Setting CVar [[r.SkyAtmosphere.SampleCountMin:4.0]]
[2022.04.14-14.51.00:445][  0]LogConfig: Setting CVar [[r.SkyAtmosphere.SampleCountMax:128.0]]
[2022.04.14-14.51.00:445][  0]LogConfig: Setting CVar [[r.SkyAtmosphere.TransmittanceLUT.UseSmallFormat:0]]
[2022.04.14-14.51.00:445][  0]LogConfig: Setting CVar [[r.SkyAtmosphere.TransmittanceLUT.SampleCount:10.0]]
[2022.04.14-14.51.00:445][  0]LogConfig: Setting CVar [[r.SkyAtmosphere.MultiScatteringLUT.SampleCount:15.0]]
[2022.04.14-14.51.00:445][  0]LogConfig: Setting CVar [[r.SkyLight.RealTimeReflectionCapture:1]]
[2022.04.14-14.51.00:445][  0]LogConfig: Applying CVar settings from Section [FoliageQuality@3] File [H:/UE4_project_C++/FPSProject/Saved/Config/Windows/Scalability.ini]
[2022.04.14-14.51.00:445][  0]LogConfig: Setting CVar [[foliage.DensityScale:1.0]]
[2022.04.14-14.51.00:446][  0]LogConfig: Setting CVar [[grass.DensityScale:1.0]]
[2022.04.14-14.51.00:446][  0]LogConfig: Applying CVar settings from Section [ShadingQuality@3] File [H:/UE4_project_C++/FPSProject/Saved/Config/Windows/Scalability.ini]
[2022.04.14-14.51.00:446][  0]LogConfig: Setting CVar [[r.HairStrands.SkyLighting.IntegrationType:2]]
[2022.04.14-14.51.00:446][  0]LogConfig: Setting CVar [[r.HairStrands.SkyAO.SampleCount:4]]
[2022.04.14-14.51.00:446][  0]LogConfig: Setting CVar [[r.HairStrands.Visibility.MSAA.SamplePerPixel:4]]
[2022.04.14-14.51.00:446][  0]LogConfig: Applying CVar settings from Section [Startup] File [../../../Engine/Config/ConsoleVariables.ini]
[2022.04.14-14.51.00:446][  0]LogConfig: Setting CVar [[net.UseAdaptiveNetUpdateFrequency:0]]
[2022.04.14-14.51.00:446][  0]LogConfig: Setting CVar [[p.chaos.AllowCreatePhysxBodies:1]]
[2022.04.14-14.51.00:446][  0]LogConfig: Setting CVar [[fx.SkipVectorVMBackendOptimizations:1]]
[2022.04.14-14.51.00:446][  0]LogConfig: Applying CVar settings from Section [ConsoleVariables] File [H:/UE4_project_C++/FPSProject/Saved/Config/Windows/Engine.ini]
[2022.04.14-14.51.00:446][  0]LogConfig: Applying CVar settings from Section [ConsoleVariables] File [H:/UE4_project_C++/FPSProject/Saved/Config/Windows/Editor.ini]
[2022.04.14-14.51.00:446][  0]LogInit: Computer: LAPTOP-R5L7CMNV
[2022.04.14-14.51.00:446][  0]LogInit: User: dengxp
[2022.04.14-14.51.00:446][  0]LogInit: CPU Page size=4096, Cores=8
[2022.04.14-14.51.00:446][  0]LogInit: High frequency timer resolution =10.000000 MHz
[2022.04.14-14.51.00:447][  0]LogMemory: Memory total: Physical=15.9GB (16GB approx)
[2022.04.14-14.51.00:447][  0]LogMemory: Platform Memory Stats for Windows
[2022.04.14-14.51.00:447][  0]LogMemory: Process Physical Memory: 146.88 MB used, 146.88 MB peak
[2022.04.14-14.51.00:447][  0]LogMemory: Process Virtual Memory: 129.84 MB used, 129.84 MB peak
[2022.04.14-14.51.00:447][  0]LogMemory: Physical Memory: 12385.27 MB used,  3867.04 MB free, 16252.31 MB total
[2022.04.14-14.51.00:447][  0]LogMemory: Virtual Memory: 134211224.00 MB used,  6507.71 MB free, 134217728.00 MB total
[2022.04.14-14.51.00:532][  0]LogWindows: WindowsPlatformFeatures enabled
[2022.04.14-14.51.00:674][  0]LogInit: Physics initialised using underlying interface: PhysX
[2022.04.14-14.51.00:675][  0]LogInit: Overriding language with editor language configuration option (zh-Hans-CN).
[2022.04.14-14.51.00:675][  0]LogInit: Using OS detected locale (zh-CN).
[2022.04.14-14.51.00:677][  0]LogTextLocalizationManager: No specific localization for 'zh-Hans-CN' exists, so the 'zh-Hans' localization will be used.
[2022.04.14-14.51.00:770][  0]LogTextLocalizationResource: LocRes '../../../Engine/Content/Localization/Editor/zh/Editor.locres' could not be opened for reading!
[2022.04.14-14.51.00:771][  0]LogTextLocalizationResource: LocRes '../../../Engine/Content/Localization/EditorTutorials/zh/EditorTutorials.locres' could not be opened for reading!
[2022.04.14-14.51.00:771][  0]LogTextLocalizationResource: LocRes '../../../Engine/Content/Localization/Keywords/zh/Keywords.locres' could not be opened for reading!
[2022.04.14-14.51.00:771][  0]LogTextLocalizationResource: LocRes '../../../Engine/Content/Localization/Category/zh/Category.locres' could not be opened for reading!
[2022.04.14-14.51.00:771][  0]LogTextLocalizationResource: LocRes '../../../Engine/Content/Localization/ToolTips/zh/ToolTips.locres' could not be opened for reading!
[2022.04.14-14.51.00:771][  0]LogTextLocalizationResource: LocRes '../../../Engine/Content/Localization/PropertyNames/zh/PropertyNames.locres' could not be opened for reading!
[2022.04.14-14.51.00:771][  0]LogTextLocalizationResource: LocRes '../../../Engine/Content/Localization/Engine/zh/Engine.locres' could not be opened for reading!
[2022.04.14-14.51.00:771][  0]LogTextLocalizationResource: LocRes '../../../Engine/Plugins/Online/OnlineSubsystem/Content/Localization/OnlineSubsystem/zh/OnlineSubsystem.locres' could not be opened for reading!
[2022.04.14-14.51.00:771][  0]LogTextLocalizationResource: LocRes '../../../Engine/Plugins/Online/OnlineSubsystemUtils/Content/Localization/OnlineSubsystemUtils/zh/OnlineSubsystemUtils.locres' could not be opened for reading!
[2022.04.14-14.51.00:772][  0]LogTextLocalizationResource: LocRes '../../../Engine/Plugins/Online/IOS/OnlineSubsystemIOS/Content/Localization/OnlineSubsystemIOS/zh/OnlineSubsystemIOS.locres' could not be opened for reading!
[2022.04.14-14.51.00:772][  0]LogTextLocalizationResource: LocRes '../../../Engine/Plugins/Online/Android/OnlineSubsystemGooglePlay/Content/Localization/OnlineSubsystemGooglePlay/zh/OnlineSubsystemGooglePlay.locres' could not be opened for reading!
[2022.04.14-14.51.00:820][  0]LogInit: Setting process to per monitor DPI aware
[2022.04.14-14.51.00:877][  0]LogWindowsTextInputMethodSystem: Display: IME system deactivated.
[2022.04.14-14.51.00:911][  0]LogSlate: New Slate User Created.  User Index 0, Is Virtual User: 0
[2022.04.14-14.51.00:911][  0]LogSlate: Slate User Registered.  User Index 0, Is Virtual User: 0
[2022.04.14-14.51.01:066][  0]LogD3D11RHI: Loaded GFSDK_Aftermath_Lib.x64.dll
[2022.04.14-14.51.01:073][  0]LogHMD: Failed to initialize OpenVR with code 110
[2022.04.14-14.51.01:073][  0]LogD3D11RHI: D3D11 min allowed feature level: 11_0
[2022.04.14-14.51.01:073][  0]LogD3D11RHI: D3D11 max allowed feature level: 11_0
[2022.04.14-14.51.01:073][  0]LogD3D11RHI: D3D11 adapters:
[2022.04.14-14.51.01:201][  0]LogD3D11RHI:    0. 'NVIDIA GeForce RTX 3060 Laptop GPU' (Feature Level 11_0)
[2022.04.14-14.51.01:201][  0]LogD3D11RHI:       6023/0/8126 MB DedicatedVideo/DedicatedSystem/SharedSystem, Outputs:2, VendorId:0x10de
[2022.04.14-14.51.01:206][  0]LogD3D11RHI:    1. 'Microsoft Basic Render Driver' (Feature Level 11_0)
[2022.04.14-14.51.01:206][  0]LogD3D11RHI:       0/0/8126 MB DedicatedVideo/DedicatedSystem/SharedSystem, Outputs:0, VendorId:0x1414
[2022.04.14-14.51.01:206][  0]LogD3D11RHI: Chosen D3D11 Adapter:
[2022.04.14-14.51.01:206][  0]LogD3D11RHI:     Description : NVIDIA GeForce RTX 3060 Laptop GPU
[2022.04.14-14.51.01:207][  0]LogD3D11RHI:     VendorId    : 10de
[2022.04.14-14.51.01:207][  0]LogD3D11RHI:     DeviceId    : 2560
[2022.04.14-14.51.01:207][  0]LogD3D11RHI:     SubSysId    : 3a8017aa
[2022.04.14-14.51.01:207][  0]LogD3D11RHI:     Revision    : 00a1
[2022.04.14-14.51.01:207][  0]LogD3D11RHI:     DedicatedVideoMemory : 6315573248 bytes
[2022.04.14-14.51.01:207][  0]LogD3D11RHI:     DedicatedSystemMemory : 0 bytes
[2022.04.14-14.51.01:207][  0]LogD3D11RHI:     SharedSystemMemory : 8520890368 bytes
[2022.04.14-14.51.01:207][  0]LogD3D11RHI:     AdapterLuid : 0 60395
[2022.04.14-14.51.01:226][  0]LogD3D11RHI: Creating new Direct3DDevice
[2022.04.14-14.51.01:226][  0]LogD3D11RHI:     GPU DeviceId: 0x2560 (for the marketing name, search the web for "GPU Device Id")
[2022.04.14-14.51.01:227][  0]LogWindows: EnumDisplayDevices:
[2022.04.14-14.51.01:227][  0]LogWindows:    0. 'NVIDIA GeForce RTX 3060 Laptop GPU' (P:1 D:1)
[2022.04.14-14.51.01:227][  0]LogWindows:    1. 'NVIDIA GeForce RTX 3060 Laptop GPU' (P:0 D:1)
[2022.04.14-14.51.01:228][  0]LogWindows:    2. 'NVIDIA GeForce RTX 3060 Laptop GPU' (P:0 D:0)
[2022.04.14-14.51.01:228][  0]LogWindows:    3. 'NVIDIA GeForce RTX 3060 Laptop GPU' (P:0 D:0)
[2022.04.14-14.51.01:228][  0]LogWindows: DebugString: FoundDriverCount:4 
[2022.04.14-14.51.01:228][  0]LogD3D11RHI:     Adapter Name: NVIDIA GeForce RTX 3060 Laptop GPU
[2022.04.14-14.51.01:228][  0]LogD3D11RHI:   Driver Version: 461.56 (internal:27.21.14.6156, unified:461.56)
[2022.04.14-14.51.01:228][  0]LogD3D11RHI:      Driver Date: 2-10-2021
[2022.04.14-14.51.01:228][  0]LogRHI: Texture pool is 4216 MB (70% of 6023 MB)
[2022.04.14-14.51.01:228][  0]LogD3D11RHI: Creating D3DDevice using adapter:
[2022.04.14-14.51.01:229][  0]LogD3D11RHI:     Description : NVIDIA GeForce RTX 3060 Laptop GPU
[2022.04.14-14.51.01:229][  0]LogD3D11RHI:     VendorId    : 10de
[2022.04.14-14.51.01:229][  0]LogD3D11RHI:     DeviceId    : 2560
[2022.04.14-14.51.01:229][  0]LogD3D11RHI:     SubSysId    : 3a8017aa
[2022.04.14-14.51.01:229][  0]LogD3D11RHI:     Revision    : 00a1
[2022.04.14-14.51.01:229][  0]LogD3D11RHI:     DedicatedVideoMemory : 6315573248 bytes
[2022.04.14-14.51.01:229][  0]LogD3D11RHI:     DedicatedSystemMemory : 0 bytes
[2022.04.14-14.51.01:229][  0]LogD3D11RHI:     SharedSystemMemory : 8520890368 bytes
[2022.04.14-14.51.01:229][  0]LogD3D11RHI:     AdapterLuid : 0 60395
[2022.04.14-14.51.01:306][  0]LogD3D11RHI: RHI has support for 64 bit atomics
[2022.04.14-14.51.01:307][  0]LogD3D11RHI: Async texture creation enabled
[2022.04.14-14.51.01:307][  0]LogD3D11RHI: Array index from any shader is supported
[2022.04.14-14.51.01:309][  0]LogD3D11RHI: HDR output is supported on display 0 (NvId: 0x80061086).
[2022.04.14-14.51.01:322][  0]LogD3D11RHI: GPU Timing Frequency: 1000.000000 (Debug: 2 1)
[2022.04.14-14.51.01:373][  0]LogRHI: GeForceNow SDK initialized: 1
[2022.04.14-14.51.01:663][  0]LogTargetPlatformManager: Display: Loaded TargetPlatform 'AllDesktop'
[2022.04.14-14.51.01:683][  0]LogTargetPlatformManager: Display: Loaded TargetPlatform 'Android'
[2022.04.14-14.51.01:683][  0]LogTargetPlatformManager: Display: Loaded TargetPlatform 'Android_ASTC'
[2022.04.14-14.51.01:683][  0]LogTargetPlatformManager: Display: Loaded TargetPlatform 'Android_DXT'
[2022.04.14-14.51.01:683][  0]LogTargetPlatformManager: Display: Loaded TargetPlatform 'Android_ETC2'
[2022.04.14-14.51.01:683][  0]LogTargetPlatformManager: Display: Loaded TargetPlatform 'AndroidClient'
[2022.04.14-14.51.01:683][  0]LogTargetPlatformManager: Display: Loaded TargetPlatform 'Android_ASTCClient'
[2022.04.14-14.51.01:683][  0]LogTargetPlatformManager: Display: Loaded TargetPlatform 'Android_DXTClient'
[2022.04.14-14.51.01:683][  0]LogTargetPlatformManager: Display: Loaded TargetPlatform 'Android_ETC2Client'
[2022.04.14-14.51.01:683][  0]LogTargetPlatformManager: Display: Loaded TargetPlatform 'Android_Multi'
[2022.04.14-14.51.01:683][  0]LogTargetPlatformManager: Display: Loaded TargetPlatform 'Android_MultiClient'
[2022.04.14-14.51.01:708][  0]LogTargetPlatformManager: Display: Loaded TargetPlatform 'IOSClient'
[2022.04.14-14.51.01:708][  0]LogTargetPlatformManager: Display: Loaded TargetPlatform 'IOS'
[2022.04.14-14.51.01:718][  0]LogTargetPlatformManager: Display: Loaded TargetPlatform 'Linux'
[2022.04.14-14.51.01:725][  0]LogTargetPlatformManager: Display: Loaded TargetPlatform 'LinuxNoEditor'
[2022.04.14-14.51.01:733][  0]LogTargetPlatformManager: Display: Loaded TargetPlatform 'LinuxClient'
[2022.04.14-14.51.01:739][  0]LogTargetPlatformManager: Display: Loaded TargetPlatform 'LinuxServer'
[2022.04.14-14.51.01:749][  0]LogTargetPlatformManager: Display: Loaded TargetPlatform 'LinuxAArch64NoEditor'
[2022.04.14-14.51.01:755][  0]LogTargetPlatformManager: Display: Loaded TargetPlatform 'LinuxAArch64Client'
[2022.04.14-14.51.01:762][  0]LogTargetPlatformManager: Display: Loaded TargetPlatform 'LinuxAArch64Server'
[2022.04.14-14.51.01:783][  0]LogTargetPlatformManager: Display: Loaded TargetPlatform 'Lumin'
[2022.04.14-14.51.01:783][  0]LogTargetPlatformManager: Display: Loaded TargetPlatform 'LuminClient'
[2022.04.14-14.51.01:792][  0]LogTargetPlatformManager: Display: Loaded TargetPlatform 'MacNoEditor'
[2022.04.14-14.51.01:799][  0]LogTargetPlatformManager: Display: Loaded TargetPlatform 'Mac'
[2022.04.14-14.51.01:806][  0]LogTargetPlatformManager: Display: Loaded TargetPlatform 'MacClient'
[2022.04.14-14.51.01:814][  0]LogTargetPlatformManager: Display: Loaded TargetPlatform 'MacServer'
[2022.04.14-14.51.01:825][  0]LogTargetPlatformManager: Display: Loaded TargetPlatform 'TVOSClient'
[2022.04.14-14.51.01:825][  0]LogTargetPlatformManager: Display: Loaded TargetPlatform 'TVOS'
[2022.04.14-14.51.01:835][  0]LogTargetPlatformManager: Display: Loaded TargetPlatform 'WindowsNoEditor'
[2022.04.14-14.51.01:842][  0]LogTargetPlatformManager: Display: Loaded TargetPlatform 'Windows'
[2022.04.14-14.51.01:849][  0]LogTargetPlatformManager: Display: Loaded TargetPlatform 'WindowsClient'
[2022.04.14-14.51.01:855][  0]LogTargetPlatformManager: Display: Loaded TargetPlatform 'WindowsServer'
[2022.04.14-14.51.01:855][  0]LogTargetPlatformManager: Display: Building Assets For Windows
[2022.04.14-14.51.01:871][  0]LogAudioDebug: Display: Lib vorbis DLL was dynamically loaded.
[2022.04.14-14.51.01:929][  0]LogTextureFormatOodle: Display: Oodle Texture 2.9.0 init RDO Off
[2022.04.14-14.51.01:988][  0]LogRendererCore: Ray tracing is disabled. Reason: r.RayTracing=0.
[2022.04.14-14.51.01:988][  0]LogShaderCompilers: Guid format shader working directory is 16 characters bigger than the processId version (H:/UE4_project_C++/FPSProject/Intermediate/Shaders/WorkingDirectory/110068/).
[2022.04.14-14.51.01:989][  0]LogShaderCompilers: Cleaned the shader compiler working directory 'C:/Users/dengxp/AppData/Local/Temp/UnrealShaderWorkingDir/BEA7653A4ADD301720CD4AB0D5135E65/'.
[2022.04.14-14.51.01:989][  0]LogXGEController: Cannot use XGE Controller as Incredibuild is not installed on this machine.
[2022.04.14-14.51.01:989][  0]LogShaderCompilers: Cannot use XGE Shader Compiler as Incredibuild is not installed on this machine.
[2022.04.14-14.51.01:989][  0]LogShaderCompilers: Display: Using Local Shader Compiler.
[2022.04.14-14.51.02:563][  0]LogDerivedDataCache: Display: Max Cache Size: 512 MB
[2022.04.14-14.51.02:618][  0]LogDerivedDataCache: Loaded boot cache 0.05s 94MB C:/Users/dengxp/AppData/Local/UnrealEngine/4.27/DerivedDataCache/Boot.ddc.
[2022.04.14-14.51.02:618][  0]LogDerivedDataCache: Display: Loaded Boot cache: C:/Users/dengxp/AppData/Local/UnrealEngine/4.27/DerivedDataCache/Boot.ddc
[2022.04.14-14.51.02:618][  0]LogDerivedDataCache: FDerivedDataBackendGraph:  Pak pak cache file H:/UE4_project_C++/FPSProject/DerivedDataCache/DDC.ddp not found, will not use a pak cache.
[2022.04.14-14.51.02:618][  0]LogDerivedDataCache: Unable to find inner node Pak for hierarchical cache Hierarchy.
[2022.04.14-14.51.02:618][  0]LogDerivedDataCache: FDerivedDataBackendGraph:  CompressedPak pak cache file H:/UE4_project_C++/FPSProject/DerivedDataCache/Compressed.ddp not found, will not use a pak cache.
[2022.04.14-14.51.02:618][  0]LogDerivedDataCache: Unable to find inner node CompressedPak for hierarchical cache Hierarchy.
[2022.04.14-14.51.02:633][  0]LogDerivedDataCache: Display: Pak cache opened for reading ../../../Engine/DerivedDataCache/Compressed.ddp.
[2022.04.14-14.51.02:633][  0]LogDerivedDataCache: FDerivedDataBackendGraph:  EnterprisePak pak cache file ../../../Enterprise/DerivedDataCache/Compressed.ddp not found, will not use a pak cache.
[2022.04.14-14.51.02:634][  0]LogDerivedDataCache: Unable to find inner node EnterprisePak for hierarchical cache Hierarchy.
[2022.04.14-14.51.02:641][  0]LogDerivedDataCache: Speed tests for C:/Users/dengxp/AppData/Local/UnrealEngine/Common/DerivedDataCache took 0.01 seconds
[2022.04.14-14.51.02:641][  0]LogDerivedDataCache: Display: Performance to C:/Users/dengxp/AppData/Local/UnrealEngine/Common/DerivedDataCache: Latency=0.05ms. RandomReadSpeed=675.79MBs, RandomWriteSpeed=185.63MBs. Assigned SpeedClass 'Local'
[2022.04.14-14.51.02:642][  0]LogDerivedDataCache: Using Local data cache path C:/Users/dengxp/AppData/Local/UnrealEngine/Common/DerivedDataCache: Writable
[2022.04.14-14.51.02:643][  0]LogDerivedDataCache: Shared data cache path not found in *engine.ini, will not use an Shared cache.
[2022.04.14-14.51.02:643][  0]LogDerivedDataCache: Unable to find inner node Shared for hierarchical cache Hierarchy.
[2022.04.14-14.51.02:677][  0]LogSlate: Using FreeType 2.10.0
[2022.04.14-14.51.02:678][  0]LogSlate: SlateFontServices - WITH_FREETYPE: 1, WITH_HARFBUZZ: 1
[2022.04.14-14.51.02:702][  0]LogAssetRegistry: FAssetRegistry took 0.0037 seconds to start up
[2022.04.14-14.51.02:892][  0]LogInit: Selected Device Profile: [Windows]
[2022.04.14-14.51.02:893][  0]LogInit: Active device profile: [000002BEB81EFC00][000002BEB8BD2280 49] Windows
[2022.04.14-14.51.02:893][  0]LogInit: Profiles: [000002BEB81EFC00][000002BEB8BD2280 49] Windows, [000002BEB81A8600][000002BEB8BD63C0 49] WindowsNoEditor, [000002BEB81EC500][000002BEB8BE4500 49] WindowsServer, [000002BEB81ABB00][000002BEB8BE8640 49] WindowsClient, [000002BEB81EFA00][000002BEB8BEC780 49] IOS, [000002BEB81A8900][000002BEB8BF4900 49] iPadAir, [000002BEB81EC800][000002BEB8C0CA80 49] iPadAir2, [000002BEB8114C00][000002BEB8C54D40 49] IPadPro, [000002BEB8114D00][000002BEB8C4CD80 49] iPadAir3, [000002BEB81EF700][000002BEB8A3AF00 49] iPadAir4, [000002BEB8114900][000002BEB8A3F080 49] iPadMini2, [000002BEB81EC900][000002BEB94C5200 49] iPadMini3, [000002BEB8115600][000002BEB94C9380 49] iPadMini4, [000002BEB81EF400][000002BEB94F9500 49] iPadMini5, [000002BEB81AAF00][000002BEB57DB7C0 49] iPhone6, [000002BEB81AAE00][000002BEB94FD800 49] iPodTouch6, [000002BEB8117900][000002BEB57E3AC0 49] iPhone7, [000002BEB8117500][000002BEB57DFB00 49] iPodTouch7, [000002BEB81AB900][000002BEB57F0100 49] iPhone5S, [000002BEB8114400][000002BEB57F4280 49] iPhone6Plus, [000002BEB81A9000][000002BEB9564400 49] iPhone6S, [000002BEB8116F00][000002BEB8BF0540 49] iPhone6SPlus, [000002BEB81A9C00][000002BEB94F4680 49] iPhone7Plus, [000002BEB8115100][000002BEB8A427C0 49] iPhoneSE, [000002BEB81AA300][000002BEB9568900 49] iPhone8, [000002BEB8116A00][000002BEB956CA80 49] iPhone8Plus, [000002BEB81A8B00][000002BEB8B34C00 49] iPhoneX, [000002BEB8116500][000002BEB8B38D80 49] iPhoneXS, [000002BEB81AA000][000002BEB8B3CF00 49] iPhoneXSMax, [000002BEB8117D00][000002BEB94CD080 49] iPhoneXR, [000002BEB81A9500][000002BEB94D1200 49] iPhone11, [000002BEB8115E00][000002BEB94D5380 49] iPhone11Pro, [000002BEB81A8200][000002BEB94D9500 49] iPhone11ProMax, [000002BEB8117400][000002BEB94DD680 49] iPhoneSE2, [000002BEB81AB800][000002BEB94E1800 49] iPhone12Mini, [000002BEB8114E00][000002BEB94E5980 49] iPhone12, [000002BEB81A8E00][000002BEB94E9B00 49] iPhone12Pro, [000002BEB8116C00][000002BEB94EC100 49] iPhone12ProMax, [000002BEB81A9100][000002BEB94F0280 49] iPadPro105, [000002BEB8117C00][000002BEB8B86400 49] iPadPro129, [000002BEB81A8A00][000002BEB8B8A580 49] iPadPro97, [000002BEB8115700][000002BEB8B8E700 49] iPadPro2_129, [000002BEB81AB500][000002BEB8C50840 49] iPad5, [000002BEB8115D00][000002BEB8B92980 49] iPad6, [000002BEB81A9B00][000002BEB8B96AC0 49] iPad7, [000002BEB8116800][000002BEB8B9EC40 49] iPad8, [000002BEB81AB200][000002BEB8BA2DC0 49] iPadPro11, [000002BEB8116B00][000002BEB8BA6F40 49] iPadPro2_11, [000002BEB81A8300][000002BEB8BAB0C0 49] iPadPro3_129, [000002BEB8114500][000002BEB9171240 49] iPadPro4_129, [000002BEB81AB300][000002BEB91753C0 49] AppleTV, [000002BEB8115400][000002BEB9179540 49] AppleTV4K, [000002BEB81A9900][000002BEB917D6C0 49] TVOS, [000002BEB8117A00][000002BEB9181840 49] Mac, [000002BEB81ABC00][000002BEB91859C0 49] MacClient, [000002BEB8117600][000002BEB9189B40 49] MacNoEditor, [000002BEB81ABA00][000002BEB918C140 49] MacServer, [000002BEB8117000][000002BEB91902C0 49] Linux, [000002BEB81AAC00][000002BEB9194440 49] LinuxAArch64, [000002BEB8115000][000002BEB91985C0 49] LinuxNoEditor, [000002BEB81AB100][000002BEB919C740 49] LinuxAArch64NoEditor, [000002BEB8117F00][000002BEB91A08C0 49] LinuxClient, [000002BEB81AB400][000002BEB8B9AA00 49] LinuxAArch64Client, [000002BEB8116300][000002BEB91A4B40 49] LinuxServer, [000002BEB81A8C00][000002BEB91A8C80 49] LinuxAArch64Server, [000002BEB8114200][000002BEB91ACDC0 49] Android, [000002BEB81AA200][000002BEB91B4F40 49] Android_Low, [000002BEB81ED100][000002BEB91B90C0 49] Android_Mid, [000002BEB823A500][000002BEB91BD240 49] Android_High, [000002BEB81EE600][000002BEB91C13C0 49] Android_Default, [000002BEB8239300][000002BEB91C5540 49] Android_Adreno4xx, [000002BEB81EC700][000002BEB91C96C0 49] Android_Adreno5xx_Low, [000002BEB8239100][000002BEB91CD840 49] Android_Adreno5xx, [000002BEB81EE700][000002BEB91D19C0 49] Android_Adreno6xx, [000002BEB823A600][000002BEB91D5B40 49] Android_Adreno6xx_Vulkan, [000002BEB81ECA00][000002BEB91D8140 49] Android_Mali_T6xx, [000002BEB8238D00][000002BEB91DC2C0 49] Android_Mali_T7xx, [000002BEB81ED000][000002BEB91E0440 49] Android_Mali_T8xx, [000002BEB823A300][000002BEB91E45C0 49] Android_Mali_G71, [000002BEB81EFF00][000002BEB91E8740 49] Android_Mali_G72, [000002BEB8238B00][000002BEB91EC8C0 49] Android_Mali_G72_Vulkan, [000002BEB81ECB00][000002BEB91F0A40 49] Android_Mali_G76, [000002BEB8238700][000002BEB91B0B80 49] Android_Mali_G76_Vulkan, [000002BEB81EE500][000002BEB91F4CC0 49] Android_Mali_G77, [000002BEB8239C00][000002BEB91F8E00 49] Android_Mali_G77_Vulkan, [000002BEB81EEF00][000002BEB91FCF40 49] Android_Mali_G78, [000002BEB8239700][000002BEB92050C0 49] Android_Mali_G78_Vulkan, [000002BEB81AA800][000002BEB9209240 49] Android_Mali_G710, [000002BEB8114800][000002BEB920D3C0 49] Android_Mali_G710_Vulkan, [000002BEB81A8100][000002BEB9211540 49] Android_Vulkan_SM5, [000002BEB8238F00][000002BEB92156C0 49] Android_PowerVR_G6xxx, [000002BEB81AA600][000002BEB9219840 49] Android_PowerVR_GT7xxx, [000002BEB8238100][000002BEB921D9C0 49] Android_PowerVR_GE8xxx, [000002BEB81A9F00][000002BEB9221B40 49] Android_PowerVR_GM9xxx, [000002BEB823A400][000002BEB9224140 49] Android_PowerVR_GM9xxx_Vulkan, [000002BEB81AA400][000002BEB92282C0 49] Android_TegraK1, [000002BEB8239800][000002BEB922C440 49] Android_Unknown_Vulkan, [000002BEB81ABE00][000002BEB92305C0 49] Lumin, [000002BEB8238C00][000002BEB9234740 49] Lumin_Desktop, [000002BEB81A8400][000002BEB92388C0 49] HoloLens, 
[2022.04.14-14.51.03:015][  0]LogMeshReduction: Using QuadricMeshReduction for automatic static mesh reduction
[2022.04.14-14.51.03:015][  0]LogMeshReduction: Using SimplygonMeshReduction for automatic skeletal mesh reduction
[2022.04.14-14.51.03:015][  0]LogMeshReduction: Using ProxyLODMeshReduction for automatic mesh merging
[2022.04.14-14.51.03:015][  0]LogMeshReduction: No distributed automatic mesh merging module available
[2022.04.14-14.51.03:015][  0]LogMeshMerging: No distributed automatic mesh merging module available
[2022.04.14-14.51.03:036][  0]LogNetVersion: FPSProject 1.0.0, NetCL: 17155196, EngineNetVer: 17, GameNetVer: 0 (Checksum: 551633527)
[2022.04.14-14.51.03:336][  0]LogTexture: Default maximum texture size for cubemaps generated from long-lat sources has been changed from 512 to unlimited. In order to preserve old behaiour for '/Engine/MapTemplates/Sky/DaylightAmbientCubemap.DaylightAmbientCubemap', its maximum texture size has been explicitly set to 512.
[2022.04.14-14.51.03:381][  0]LogHMD: PokeAHoleMaterial loaded successfully
[2022.04.14-14.51.03:386][  0]LogUObjectArray: 17178 objects as part of root set at end of initial load.
[2022.04.14-14.51.03:386][  0]LogUObjectAllocator: 4302048 out of 0 bytes used by permanent object pool.
[2022.04.14-14.51.03:386][  0]LogUObjectArray: CloseDisregardForGC: 0/0 objects in disregard for GC pool
[2022.04.14-14.51.03:747][  0]LogPython: Using Python 3.7.7
[2022.04.14-14.51.04:155][  0]LogNiagaraDebuggerClient: Niagara Debugger Client Initialized | Session: AE261CDD465A21C95B9031BD896F593B | Instance: 066C760E4FF9BE2BF1F32FB6DFC99B79 (LAPTOP-R5L7CMNV-110068).
